2024-11-05 20:15:16,100 [ERROR] LogOutputStream:75 - [STDERR_REDIRECT] 
2024-11-05 20:33:43,804 [INFO] Activator:176 - 


2024-11-05 20:33:43,820 [INFO] Activator:177 - !SESSION log4j initialized
2024-11-05 20:33:50,369 [INFO] LogOutputStream:77 - [STDOUT_REDIRECT] 
2024-11-05 20:33:56,713 [INFO] ApplicationProperties:184 - Using Application install path: C:\ST\STM32CubeIDE_1.14.0\STM32CubeIDE\plugins\com.st.stm32cube.common.mx_6.12.1.202409122256
2024-11-05 20:33:56,724 [INFO] DbMcusXml:78 - Set database path to: C:\ST\STM32CubeIDE_1.14.0\STM32CubeIDE\plugins\com.st.stm32cube.common.mx_6.12.1.202409122256\\db\/mcu/
2024-11-05 20:33:56,724 [INFO] ApiDb:274 - Set plugin database path to: C:\ST\STM32CubeIDE_1.14.0\STM32CubeIDE\plugins\com.st.stm32cube.common.mx_6.12.1.202409122256\\db\/plugins/boardmanager/
2024-11-05 20:33:56,724 [WARN] ApiDb:259 - Overriding images path with different value:  => C:\ST\STM32CubeIDE_1.14.0\STM32CubeIDE\plugins\com.st.stm32cube.common.mx_6.12.1.202409122256\\db\/plugins/mcufinder/images/
2024-11-05 20:33:56,740 [INFO] ApiDb:250 - Set database path to: C:\Users\hellm\.stmcufinder\plugins\mcufinder//mcu/
2024-11-05 20:33:56,740 [INFO] DbMcusAds:125 - Set database path to: C:\Users\hellm\.stmcufinder\plugins\mcufinder//mcu/
2024-11-05 20:33:56,740 [INFO] CrossReferenceDbSqlite:203 - Set database path to: C:\Users\hellm\.stmcufinder\plugins\mcufinder//mcu/cs/
2024-11-05 20:33:56,850 [INFO] RulesReader:64 - Compatibility file has been processed (297 Rules)
2024-11-05 20:33:56,936 [INFO] DbMcusXml:78 - Set database path to: C:\ST\STM32CubeIDE_1.14.0\STM32CubeIDE\plugins\com.st.stm32cube.common.mx_6.12.1.202409122256\\db\/mcu/
2024-11-05 20:33:56,936 [INFO] ApiDb:274 - Set plugin database path to: C:\ST\STM32CubeIDE_1.14.0\STM32CubeIDE\plugins\com.st.stm32cube.common.mx_6.12.1.202409122256\\db\/plugins/boardmanager/
2024-11-05 20:33:56,936 [INFO] ApiDb:261 - Set plugin images path to: C:\ST\STM32CubeIDE_1.14.0\STM32CubeIDE\plugins\com.st.stm32cube.common.mx_6.12.1.202409122256\\db\/plugins/mcufinder/images/
2024-11-05 20:33:56,936 [WARN] DbFile:41 - Overriding database path with different value: C:\Users\hellm\.stmcufinder\plugins\mcufinder/ => C:\Users\hellm\.stmcufinder\plugins\mcufinder
2024-11-05 20:33:56,936 [INFO] ApiDb:250 - Set database path to: C:\Users\hellm\.stmcufinder\plugins\mcufinder//mcu/
2024-11-05 20:33:56,936 [WARN] DbFile:41 - Overriding database path with different value: C:\Users\hellm\.stmcufinder\plugins\mcufinder/ => C:\Users\hellm\.stmcufinder\plugins\mcufinder
2024-11-05 20:33:56,936 [INFO] DbMcusAds:125 - Set database path to: C:\Users\hellm\.stmcufinder\plugins\mcufinder//mcu/
2024-11-05 20:33:56,936 [WARN] DbFile:41 - Overriding database path with different value: C:\Users\hellm\.stmcufinder\plugins\mcufinder/ => C:\Users\hellm\.stmcufinder\plugins\mcufinder
2024-11-05 20:33:56,936 [WARN] DbFile:41 - Overriding database path with different value: C:\Users\hellm\.stmcufinder\plugins\mcufinder/ => C:\Users\hellm\.stmcufinder\plugins\mcufinder
2024-11-05 20:33:56,944 [INFO] CrossReferenceDbSqlite:203 - Set database path to: C:\Users\hellm\.stmcufinder\plugins\mcufinder//mcu/cs/
2024-11-05 20:33:57,056 [INFO] MainPanel:268 - HeapMemory: 268435456
2024-11-05 20:33:57,165 [INFO] DbMcusXml:78 - Set database path to: C:\ST\STM32CubeIDE_1.14.0\STM32CubeIDE\plugins\com.st.stm32cube.common.mx_6.12.1.202409122256\\db\/mcu/
2024-11-05 20:33:57,165 [INFO] ApiDb:274 - Set plugin database path to: C:\ST\STM32CubeIDE_1.14.0\STM32CubeIDE\plugins\com.st.stm32cube.common.mx_6.12.1.202409122256\\db\/plugins/boardmanager/
2024-11-05 20:33:57,165 [INFO] ApiDb:261 - Set plugin images path to: C:\ST\STM32CubeIDE_1.14.0\STM32CubeIDE\plugins\com.st.stm32cube.common.mx_6.12.1.202409122256\\db\/plugins/mcufinder/images/
2024-11-05 20:33:57,165 [WARN] DbFile:41 - Overriding database path with different value: C:\Users\hellm\.stmcufinder\plugins\mcufinder/ => C:\Users\hellm\.stmcufinder\plugins\mcufinder
2024-11-05 20:33:57,165 [INFO] ApiDb:250 - Set database path to: C:\Users\hellm\.stmcufinder\plugins\mcufinder//mcu/
2024-11-05 20:33:57,165 [WARN] DbFile:41 - Overriding database path with different value: C:\Users\hellm\.stmcufinder\plugins\mcufinder/ => C:\Users\hellm\.stmcufinder\plugins\mcufinder
2024-11-05 20:33:57,165 [INFO] DbMcusAds:125 - Set database path to: C:\Users\hellm\.stmcufinder\plugins\mcufinder//mcu/
2024-11-05 20:33:57,165 [WARN] DbFile:41 - Overriding database path with different value: C:\Users\hellm\.stmcufinder\plugins\mcufinder/ => C:\Users\hellm\.stmcufinder\plugins\mcufinder
2024-11-05 20:33:57,165 [WARN] DbFile:41 - Overriding database path with different value: C:\Users\hellm\.stmcufinder\plugins\mcufinder/ => C:\Users\hellm\.stmcufinder\plugins\mcufinder
2024-11-05 20:33:57,165 [INFO] CrossReferenceDbSqlite:203 - Set database path to: C:\Users\hellm\.stmcufinder\plugins\mcufinder//mcu/cs/
2024-11-05 20:33:57,185 [INFO] ApplicationProperties:184 - Using Application install path: C:\ST\STM32CubeIDE_1.14.0\STM32CubeIDE\plugins\com.st.stm32cube.common.mx_6.12.1.202409122256
2024-11-05 20:33:57,185 [INFO] PluginManage:196 - Search for loadable plugins [exclusion list=, ]
2024-11-05 20:33:57,185 [INFO] PluginManage:310 - Check plugin analytics
2024-11-05 20:33:57,340 [INFO] AnalyticsPlugin:253 - Accepted Software Licenses: STM32CubeMX.6.11.1
2024-11-05 20:33:57,340 [INFO] AnalyticsPlugin:255 - Accepted CMSIS Pack Licenses: 
2024-11-05 20:33:57,340 [INFO] AnalyticsPlugin:257 - Accepted Firmware Licenses: FW.L4.1.18.0,FW.F4.1.27.0
2024-11-05 20:33:57,340 [INFO] PluginManage:359 - Loaded plugin analytics (category:tool,tabindex:-1)
2024-11-05 20:33:57,340 [INFO] PluginManage:310 - Check plugin cadmodel
2024-11-05 20:33:57,355 [INFO] CADModel:105 - Init CAD model plugin
2024-11-05 20:33:57,355 [INFO] PluginManage:359 - Loaded plugin cadmodel (category:power,tabindex:5)
2024-11-05 20:33:57,355 [INFO] PluginManage:310 - Check plugin clock
2024-11-05 20:33:57,370 [INFO] PluginManage:359 - Loaded plugin clock (category:base,tabindex:2)
2024-11-05 20:33:57,370 [INFO] PluginManage:310 - Check plugin ddr
2024-11-05 20:33:57,370 [INFO] PluginManage:359 - Loaded plugin ddr (category:tool,tabindex:6)
2024-11-05 20:33:57,370 [INFO] PluginManage:310 - Check plugin filemanager
2024-11-05 20:33:57,527 [INFO] PluginManage:359 - Loaded plugin filemanager (category:base,tabindex:10)
2024-11-05 20:33:57,527 [INFO] PluginManage:310 - Check plugin ipmanager
2024-11-05 20:33:57,535 [INFO] PluginManage:359 - Loaded plugin ipmanager (category:base,tabindex:5)
2024-11-05 20:33:57,535 [INFO] PluginManage:310 - Check plugin lpbam
2024-11-05 20:33:57,543 [INFO] PluginManage:359 - Loaded plugin lpbam (category:base,tabindex:0)
2024-11-05 20:33:57,543 [INFO] PluginManage:310 - Check plugin memorymap
2024-11-05 20:33:57,575 [INFO] PluginManage:359 - Loaded plugin memorymap (category:base,tabindex:4)
2024-11-05 20:33:57,575 [INFO] PluginManage:310 - Check plugin pinoutandconfiguration
2024-11-05 20:33:57,590 [INFO] PluginManage:359 - Loaded plugin pinoutandconfiguration (category:base,tabindex:1)
2024-11-05 20:33:57,590 [INFO] PluginManage:310 - Check plugin pinoutconfig
2024-11-05 20:33:57,731 [WARN] SupportedApi:132 - Cannot load RTOS API schema: s4s-elt-must-match.1: The content of 'definitions' must match (annotation?, (simpleType | complexType)?, (unique | key | keyref)*)). A problem was found starting at: attribute.
2024-11-05 20:33:57,857 [INFO] PluginManage:359 - Loaded plugin pinoutconfig (category:base,tabindex:0)
2024-11-05 20:33:57,857 [INFO] PluginManage:310 - Check plugin power
2024-11-05 20:33:57,874 [INFO] PluginManage:359 - Loaded plugin power (category:power,tabindex:4)
2024-11-05 20:33:57,874 [INFO] PluginManage:310 - Check plugin projectmanager
2024-11-05 20:33:57,889 [INFO] PluginManage:359 - Loaded plugin projectmanager (category:projectmanager,tabindex:4)
2024-11-05 20:33:57,889 [INFO] PluginManage:310 - Check plugin rif
2024-11-05 20:33:57,904 [INFO] PluginManage:359 - Loaded plugin rif (category:base,tabindex:3)
2024-11-05 20:33:57,904 [INFO] PluginManage:310 - Check plugin thirdparty
2024-11-05 20:33:58,258 [WARN] IntegrityCheckThread:84 - waiting for thirdparty lock release [integrity check]
2024-11-05 20:33:58,258 [INFO] IntegrityCheckThread:86 - entering critical section [integrity check]
2024-11-05 20:33:58,258 [INFO] PluginManage:359 - Loaded plugin thirdparty (category:base,tabindex:-1)
2024-11-05 20:33:58,258 [INFO] PluginManage:310 - Check plugin tools
2024-11-05 20:33:58,258 [INFO] ThirdPartyUpdaterWithRetryManager:70 - Updater plugin not ready yet. [1/15]
2024-11-05 20:33:58,325 [INFO] PluginManage:359 - Loaded plugin tools (category:base,tabindex:7)
2024-11-05 20:33:58,325 [INFO] PluginManage:310 - Check plugin tutovideos
2024-11-05 20:33:58,591 [INFO] PluginManage:359 - Loaded plugin tutovideos (category:base,tabindex:-1)
2024-11-05 20:33:58,591 [INFO] PluginManage:310 - Check plugin updater
2024-11-05 20:33:58,607 [INFO] PluginManage:359 - Loaded plugin updater (category:base,tabindex:12)
2024-11-05 20:33:58,607 [INFO] PluginManage:310 - Check plugin userauth
2024-11-05 20:33:58,607 [INFO] UserAuth:113 - Init User Auth plugin
2024-11-05 20:33:58,607 [INFO] PluginManage:359 - Loaded plugin userauth (category:base,tabindex:14)
2024-11-05 20:33:58,622 [INFO] PluginManage:283 - PluginManage : Loaded plugins [18]
2024-11-05 20:33:58,908 [INFO] PinOutPanel:1561 - setPackage(No Configuration,No Configuration)
2024-11-05 20:33:59,038 [INFO] CADModel:165 - CPN selected for project level
2024-11-05 20:33:59,038 [INFO] CADModel:114 - Register for checkConnection events
2024-11-05 20:33:59,077 [INFO] IPUIPlugin:80 - create IPUIPlugin
2024-11-05 20:33:59,077 [INFO] PluginManager:220 - loadIPPluginJar : add adc
2024-11-05 20:33:59,133 [INFO] IPUIPlugin:80 - create IPUIPlugin
2024-11-05 20:33:59,133 [INFO] PluginManager:220 - loadIPPluginJar : add aes
2024-11-05 20:33:59,192 [INFO] IPUIPlugin:80 - create IPUIPlugin
2024-11-05 20:33:59,192 [INFO] PluginManager:220 - loadIPPluginJar : add can
2024-11-05 20:33:59,224 [INFO] IPUIPlugin:80 - create IPUIPlugin
2024-11-05 20:33:59,224 [INFO] PluginManager:220 - loadIPPluginJar : add comp
2024-11-05 20:33:59,275 [INFO] IPUIPlugin:80 - create IPUIPlugin
2024-11-05 20:33:59,275 [INFO] PluginManager:220 - loadIPPluginJar : add cryp
2024-11-05 20:33:59,289 [INFO] IPUIPlugin:80 - create IPUIPlugin
2024-11-05 20:33:59,290 [INFO] PluginManager:220 - loadIPPluginJar : add ddr_ctrl_phy
2024-11-05 20:33:59,325 [INFO] IPUIPlugin:80 - create IPUIPlugin
2024-11-05 20:33:59,325 [INFO] PluginManager:220 - loadIPPluginJar : add dfsdm
2024-11-05 20:33:59,344 [INFO] IPUIPlugin:80 - create IPUIPlugin
2024-11-05 20:33:59,345 [INFO] PluginManager:220 - loadIPPluginJar : add dma
2024-11-05 20:33:59,410 [INFO] IPUIPlugin:80 - create IPUIPlugin
2024-11-05 20:33:59,410 [INFO] PluginManager:220 - loadIPPluginJar : add dma3
2024-11-05 20:33:59,477 [INFO] IPUIPlugin:80 - create IPUIPlugin
2024-11-05 20:33:59,477 [INFO] PluginManager:220 - loadIPPluginJar : add extmemmanager
2024-11-05 20:33:59,509 [INFO] IPUIPlugin:80 - create IPUIPlugin
2024-11-05 20:33:59,509 [INFO] PluginManager:220 - loadIPPluginJar : add fatfs
2024-11-05 20:33:59,589 [INFO] IPUIPlugin:80 - create IPUIPlugin
2024-11-05 20:33:59,590 [INFO] PluginManager:220 - loadIPPluginJar : add fmc
2024-11-05 20:33:59,607 [INFO] IPUIPlugin:80 - create IPUIPlugin
2024-11-05 20:33:59,607 [INFO] PluginManager:220 - loadIPPluginJar : add freertos
2024-11-05 20:33:59,640 [INFO] IPUIPlugin:80 - create IPUIPlugin
2024-11-05 20:33:59,640 [INFO] PluginManager:220 - loadIPPluginJar : add genericplugin
2024-11-05 20:33:59,832 [INFO] IPUIPlugin:80 - create IPUIPlugin
2024-11-05 20:33:59,832 [INFO] PluginManager:220 - loadIPPluginJar : add gfxmmu
2024-11-05 20:34:00,230 [INFO] IPUIPlugin:80 - create IPUIPlugin
2024-11-05 20:34:00,230 [INFO] PluginManager:220 - loadIPPluginJar : add gic
2024-11-05 20:34:00,258 [INFO] IPUIPlugin:80 - create IPUIPlugin
2024-11-05 20:34:00,258 [INFO] PluginManager:220 - loadIPPluginJar : add gpio
2024-11-05 20:34:00,511 [INFO] IPUIPlugin:80 - create IPUIPlugin
2024-11-05 20:34:00,511 [INFO] PluginManager:220 - loadIPPluginJar : add gtzc
2024-11-05 20:34:00,599 [INFO] IPUIPlugin:80 - create IPUIPlugin
2024-11-05 20:34:00,599 [INFO] PluginManager:220 - loadIPPluginJar : add hash
2024-11-05 20:34:00,759 [INFO] IPUIPlugin:80 - create IPUIPlugin
2024-11-05 20:34:00,759 [INFO] PluginManager:220 - loadIPPluginJar : add i2c
2024-11-05 20:34:00,869 [INFO] IPUIPlugin:80 - create IPUIPlugin
2024-11-05 20:34:00,869 [INFO] PluginManager:220 - loadIPPluginJar : add i2s
2024-11-05 20:34:00,947 [INFO] IPUIPlugin:80 - create IPUIPlugin
2024-11-05 20:34:00,947 [INFO] PluginManager:220 - loadIPPluginJar : add i3c
2024-11-05 20:34:01,268 [INFO] IPUIPlugin:80 - create IPUIPlugin
2024-11-05 20:34:01,268 [INFO] PluginManager:220 - loadIPPluginJar : add ipddr
2024-11-05 20:34:01,284 [INFO] ThirdPartyUpdaterWithRetryManager:70 - Updater plugin not ready yet. [2/15]
2024-11-05 20:34:01,493 [INFO] IPUIPlugin:80 - create IPUIPlugin
2024-11-05 20:34:01,493 [INFO] PluginManager:220 - loadIPPluginJar : add linkedlist
2024-11-05 20:34:01,577 [INFO] IPUIPlugin:80 - create IPUIPlugin
2024-11-05 20:34:01,577 [INFO] PluginManager:220 - loadIPPluginJar : add lorawan
2024-11-05 20:34:01,661 [INFO] IPUIPlugin:80 - create IPUIPlugin
2024-11-05 20:34:01,661 [INFO] PluginManager:220 - loadIPPluginJar : add ltdc
2024-11-05 20:34:01,676 [INFO] IPUIPlugin:80 - create IPUIPlugin
2024-11-05 20:34:01,676 [INFO] PluginManager:220 - loadIPPluginJar : add mdma
2024-11-05 20:34:01,708 [INFO] IPUIPlugin:80 - create IPUIPlugin
2024-11-05 20:34:01,708 [INFO] PluginManager:220 - loadIPPluginJar : add nvic
2024-11-05 20:34:01,806 [INFO] IPUIPlugin:80 - create IPUIPlugin
2024-11-05 20:34:01,806 [INFO] PluginManager:220 - loadIPPluginJar : add opamp
2024-11-05 20:34:01,949 [INFO] IPUIPlugin:80 - create IPUIPlugin
2024-11-05 20:34:01,949 [INFO] PluginManager:220 - loadIPPluginJar : add openamp
2024-11-05 20:34:02,057 [INFO] IPUIPlugin:80 - create IPUIPlugin
2024-11-05 20:34:02,057 [INFO] PluginManager:220 - loadIPPluginJar : add pdm2pcm
2024-11-05 20:34:02,072 [INFO] IPUIPlugin:80 - create IPUIPlugin
2024-11-05 20:34:02,074 [INFO] PluginManager:220 - loadIPPluginJar : add plateformsettings
2024-11-05 20:34:02,094 [INFO] IPUIPlugin:80 - create IPUIPlugin
2024-11-05 20:34:02,094 [INFO] PluginManager:220 - loadIPPluginJar : add quadspi
2024-11-05 20:34:02,120 [INFO] IPUIPlugin:80 - create IPUIPlugin
2024-11-05 20:34:02,120 [INFO] PluginManager:220 - loadIPPluginJar : add radio
2024-11-05 20:34:02,136 [INFO] IPUIPlugin:80 - create IPUIPlugin
2024-11-05 20:34:02,136 [INFO] PluginManager:220 - loadIPPluginJar : add resmgrutility
2024-11-05 20:34:02,220 [INFO] IPUIPlugin:80 - create IPUIPlugin
2024-11-05 20:34:02,220 [INFO] PluginManager:220 - loadIPPluginJar : add sai
2024-11-05 20:34:02,307 [INFO] IPUIPlugin:80 - create IPUIPlugin
2024-11-05 20:34:02,307 [INFO] PluginManager:220 - loadIPPluginJar : add spi
2024-11-05 20:34:02,404 [INFO] IPUIPlugin:80 - create IPUIPlugin
2024-11-05 20:34:02,404 [INFO] PluginManager:220 - loadIPPluginJar : add stm32_wpan
2024-11-05 20:34:02,472 [INFO] IPUIPlugin:80 - create IPUIPlugin
2024-11-05 20:34:02,472 [INFO] PluginManager:220 - loadIPPluginJar : add tim
2024-11-05 20:34:02,629 [INFO] IPUIPlugin:80 - create IPUIPlugin
2024-11-05 20:34:02,629 [INFO] PluginManager:220 - loadIPPluginJar : add touchsensing
2024-11-05 20:34:02,660 [INFO] IPUIPlugin:80 - create IPUIPlugin
2024-11-05 20:34:02,660 [INFO] PluginManager:220 - loadIPPluginJar : add tracer_emb
2024-11-05 20:34:02,714 [INFO] IPUIPlugin:80 - create IPUIPlugin
2024-11-05 20:34:02,714 [INFO] PluginManager:220 - loadIPPluginJar : add ts
2024-11-05 20:34:02,768 [INFO] IPUIPlugin:80 - create IPUIPlugin
2024-11-05 20:34:02,768 [INFO] PluginManager:220 - loadIPPluginJar : add tsc
2024-11-05 20:34:02,816 [INFO] IPUIPlugin:80 - create IPUIPlugin
2024-11-05 20:34:02,816 [INFO] PluginManager:220 - loadIPPluginJar : add ucpd
2024-11-05 20:34:02,950 [INFO] IPUIPlugin:80 - create IPUIPlugin
2024-11-05 20:34:02,950 [INFO] PluginManager:220 - loadIPPluginJar : add usart
2024-11-05 20:34:03,069 [INFO] IPUIPlugin:80 - create IPUIPlugin
2024-11-05 20:34:03,069 [INFO] PluginManager:220 - loadIPPluginJar : add usbx
2024-11-05 20:34:03,210 [INFO] CADModel:165 - CPN selected for project level
2024-11-05 20:34:03,210 [INFO] CADModel:114 - Register for checkConnection events
2024-11-05 20:34:03,210 [FATAL] Updater:334 - Updater called before beeing initialized
2024-11-05 20:34:03,210 [ERROR] CADModel:125 - Updater not yet initialized, retry later 
2024-11-05 20:34:03,325 [INFO] CADModel:165 - CPN selected for project level
2024-11-05 20:34:03,325 [INFO] CADModel:114 - Register for checkConnection events
2024-11-05 20:34:03,325 [FATAL] Updater:334 - Updater called before beeing initialized
2024-11-05 20:34:03,325 [ERROR] CADModel:125 - Updater not yet initialized, retry later 
2024-11-05 20:34:03,336 [FATAL] Updater:334 - Updater called before beeing initialized
2024-11-05 20:34:03,416 [FATAL] Updater:334 - Updater called before beeing initialized
2024-11-05 20:34:03,432 [INFO] DbMcusAds:53 - JSON generation date=Fri Sep 20 15:04:38 CEST 2024 (1726837478367)
2024-11-05 20:34:03,432 [FATAL] Updater:334 - Updater called before beeing initialized
2024-11-05 20:34:03,478 [WARN] DetailPanel:346 - Failed to get advertising image, set to default
2024-11-05 20:34:03,596 [FATAL] Updater:334 - Updater called before beeing initialized
2024-11-05 20:34:03,596 [FATAL] Updater:334 - Updater called before beeing initialized
2024-11-05 20:34:03,596 [FATAL] Updater:334 - Updater called before beeing initialized
2024-11-05 20:34:03,596 [WARN] DetailPanel:346 - Failed to get advertising image, set to default
2024-11-05 20:34:03,596 [FATAL] Updater:334 - Updater called before beeing initialized
2024-11-05 20:34:03,683 [ERROR] Updater:1164 - MainUpdater not yet initialized. External WinMGr cannot be set.
2024-11-05 20:34:03,697 [INFO] Updater:1100 - Updater Version found : 6.12.1
2024-11-05 20:34:03,714 [INFO] ApplicationProperties:184 - Using Application install path: C:\ST\STM32CubeIDE_1.14.0\STM32CubeIDE\plugins\com.st.stm32cube.common.mx_6.12.1.202409122256
2024-11-05 20:34:04,298 [INFO] ThirdPartyUpdaterWithRetryManager:70 - Updater plugin not ready yet. [3/15]
2024-11-05 20:34:05,324 [ERROR] LogOutputStream:75 - [STDERR_REDIRECT] Nov 05, 2024 8:34:05 PM java.util.prefs.WindowsPreferences <init>
2024-11-05 20:34:05,324 [ERROR] LogOutputStream:75 - [STDERR_REDIRECT] WARNING: Could not open/create prefs root node Software\JavaSoft\Prefs at root 0xffffffff80000002. Windows RegCreateKeyEx(...) returned error code 5.
2024-11-05 20:34:05,324 [ERROR] LogOutputStream:75 - [STDERR_REDIRECT] 
2024-11-05 20:34:05,816 [INFO] MainUpdater:2873 - connection check result : 10
2024-11-05 20:34:05,817 [INFO] MainUpdater:290 - Updater Check For Update Now.
2024-11-05 20:34:05,817 [INFO] MicroXplorer:498 - Change Database Version : DB.6.0.121
2024-11-05 20:34:05,828 [INFO] McuFinderGlobals:63 - Set McuFinder mode to 2 (CubeIDE integrated)
2024-11-05 20:34:05,828 [INFO] UserAuth:417 - Internet connection configuration mode: 1
2024-11-05 20:34:05,843 [INFO] JxBrowserEngine:152 - Initiate JxBrowser Engine with user profile folder
2024-11-05 20:34:06,040 [INFO] CheckServerUpdateThread:120 - End of CheckServer Thread
2024-11-05 20:34:07,448 [WARN] PackLoader:240 - Cannot read IP mode file for STMicroelectronics.FP-SNS-MOTENVWB1.1.4.0
2024-11-05 20:34:07,448 [WARN] PackLoader:240 - Cannot read IP mode file for STMicroelectronics.X-CUBE-SMBUS.2.1.0
2024-11-05 20:34:07,463 [WARN] PackLoader:240 - Cannot read IP mode file for STMicroelectronics.X-CUBE-WB05N.1.1.0
2024-11-05 20:34:07,494 [WARN] PackLoader:240 - Cannot read IP mode file for STMicroelectronics.X-CUBE-TOUCHGFX.4.23.0
2024-11-05 20:34:07,501 [WARN] PackLoader:240 - Cannot read IP mode file for STMicroelectronics.X-CUBE-TOUCHGFX.4.23.2
2024-11-05 20:34:07,547 [WARN] PackLoader:240 - Cannot read IP mode file for STMicroelectronics.X-CUBE-AZRTOS-F7.1.1.0
2024-11-05 20:34:07,578 [WARN] PackLoader:240 - Cannot read IP mode file for STMicroelectronics.FP-SNS-MOTENV1.4.3.2
2024-11-05 20:34:07,650 [WARN] PackLoader:240 - Cannot read IP mode file for STMicroelectronics.X-CUBE-MEMS1.11.0.0
2024-11-05 20:34:07,770 [WARN] PackLoader:240 - Cannot read IP mode file for STMicroelectronics.FP-SNS-FLIGHT1.5.0.2
2024-11-05 20:34:07,796 [WARN] PackLoader:240 - Cannot read IP mode file for STMicroelectronics.X-CUBE-DISPLAY.3.0.0
2024-11-05 20:34:07,814 [WARN] PackLoader:240 - Cannot read IP mode file for STMicroelectronics.X-CUBE-BLE1.7.0.0
2024-11-05 20:34:07,825 [WARN] PackLoader:240 - Cannot read IP mode file for STMicroelectronics.X-CUBE-NFC10.1.0.0
2024-11-05 20:34:07,827 [WARN] PackLoader:240 - Cannot read IP mode file for emotas.I-CUBE-CANOPEN.1.3.0
2024-11-05 20:34:07,842 [WARN] PackLoader:240 - Cannot read IP mode file for STMicroelectronics.X-CUBE-TOUCHGFX.4.22.1
2024-11-05 20:34:07,858 [WARN] PackLoader:240 - Cannot read IP mode file for STMicroelectronics.X-CUBE-BLEMGR.3.1.0
2024-11-05 20:34:07,873 [WARN] PackLoader:240 - Cannot read IP mode file for STMicroelectronics.FP-SNS-SMARTAG2.1.2.0
2024-11-05 20:34:07,905 [INFO] LogOutputStream:77 - [STDOUT_REDIRECT] 1 : Invalid condition id : UX_CORESTACK_Condition cause : null
2024-11-05 20:34:07,905 [INFO] LogOutputStream:77 - [STDOUT_REDIRECT] 1 : Invalid condition id : UX_CORESTACK_Condition cause : null
2024-11-05 20:34:07,905 [INFO] LogOutputStream:77 - [STDOUT_REDIRECT] 1 : Invalid condition id : UX_CORESTACK_Condition cause : null
2024-11-05 20:34:07,905 [INFO] LogOutputStream:77 - [STDOUT_REDIRECT] 1 : Invalid condition id : UX_CORESTACK_Condition cause : null
2024-11-05 20:34:07,907 [INFO] LogOutputStream:77 - [STDOUT_REDIRECT] 1 : Invalid condition id : UX_CORESTACK_Condition cause : null
2024-11-05 20:34:07,907 [WARN] PackLoader:240 - Cannot read IP mode file for STMicroelectronics.X-CUBE-AZRTOS-WL.2.0.0
2024-11-05 20:34:07,907 [WARN] PackLoader:240 - Cannot read IP mode file for STMicroelectronics.FP-SNS-MOTENV1.5.0.0
2024-11-05 20:34:07,921 [WARN] PackLoader:240 - Cannot read IP mode file for wolfSSL.I-CUBE-wolfMQTT.1.19.0
2024-11-05 20:34:07,936 [WARN] PackLoader:240 - Cannot read IP mode file for WES.I-CUBE-Cesium.1.3.0
2024-11-05 20:34:07,963 [WARN] PackLoader:240 - Cannot read IP mode file for STMicroelectronics.X-CUBE-BLE2.3.3.0
2024-11-05 20:34:07,984 [WARN] PackLoader:240 - Cannot read IP mode file for STMicroelectronics.X-CUBE-NFC9.1.0.0
2024-11-05 20:34:07,999 [WARN] PackLoader:240 - Cannot read IP mode file for STMicroelectronics.X-CUBE-TCPP.4.1.0
2024-11-05 20:34:08,023 [WARN] PackLoader:240 - Cannot read IP mode file for STMicroelectronics.X-CUBE-ALGOBUILD.1.3.0
2024-11-05 20:34:08,043 [WARN] PackLoader:240 - Cannot read IP mode file for STMicroelectronics.X-CUBE-AZRTOS-G0.1.1.0
2024-11-05 20:34:08,075 [WARN] PackLoader:240 - Cannot read IP mode file for STMicroelectronics.X-CUBE-SAFEA1.1.2.2
2024-11-05 20:34:08,091 [WARN] PackLoader:240 - Cannot read IP mode file for STMicroelectronics.X-CUBE-NFC4.3.0.0
2024-11-05 20:34:08,091 [WARN] PackLoader:240 - Cannot read IP mode file for wolfSSL.I-CUBE-wolfMQTT.1.18.0
2024-11-05 20:34:08,122 [WARN] PackLoader:240 - Cannot read IP mode file for EmbeddedOffice.I-CUBE-FS-RTOS.1.0.1
2024-11-05 20:34:08,122 [ERROR] ConditionMgr:805 - Attr not supported : Dmpu
2024-11-05 20:34:08,122 [ERROR] ConditionMgr:805 - Attr not supported : Dmpu
2024-11-05 20:34:08,122 [ERROR] ConditionMgr:805 - Attr not supported : Dmpu
2024-11-05 20:34:08,122 [ERROR] ConditionMgr:805 - Attr not supported : Dmpu
2024-11-05 20:34:08,122 [ERROR] ConditionMgr:805 - Attr not supported : Dmpu
2024-11-05 20:34:08,122 [ERROR] ConditionMgr:805 - Attr not supported : Dmpu
2024-11-05 20:34:08,122 [ERROR] ConditionMgr:805 - Attr not supported : Dmpu
2024-11-05 20:34:08,122 [ERROR] ConditionMgr:805 - Attr not supported : Dmpu
2024-11-05 20:34:08,122 [ERROR] ConditionMgr:805 - Attr not supported : Dmpu
2024-11-05 20:34:08,122 [ERROR] ConditionMgr:805 - Attr not supported : Dmpu
2024-11-05 20:34:08,122 [ERROR] ConditionMgr:805 - Attr not supported : Dmpu
2024-11-05 20:34:08,122 [ERROR] ConditionMgr:805 - Attr not supported : Dmpu
2024-11-05 20:34:08,122 [ERROR] ConditionMgr:805 - Attr not supported : Dmpu
2024-11-05 20:34:08,122 [ERROR] ConditionMgr:805 - Attr not supported : Dmpu
2024-11-05 20:34:08,122 [ERROR] ConditionMgr:805 - Attr not supported : Dmpu
2024-11-05 20:34:08,122 [ERROR] ConditionMgr:805 - Attr not supported : Dmpu
2024-11-05 20:34:08,122 [ERROR] ConditionMgr:805 - Attr not supported : Dmpu
2024-11-05 20:34:08,122 [ERROR] ConditionMgr:805 - Attr not supported : Dmpu
2024-11-05 20:34:08,122 [ERROR] ConditionMgr:805 - Attr not supported : Dmpu
2024-11-05 20:34:08,122 [ERROR] ConditionMgr:805 - Attr not supported : Dmpu
2024-11-05 20:34:08,122 [ERROR] ConditionMgr:805 - Attr not supported : Dmpu
2024-11-05 20:34:08,122 [ERROR] ConditionMgr:805 - Attr not supported : Dmpu
2024-11-05 20:34:08,122 [ERROR] ConditionMgr:805 - Attr not supported : Dmpu
2024-11-05 20:34:08,122 [ERROR] ConditionMgr:805 - Attr not supported : Dmpu
2024-11-05 20:34:08,122 [ERROR] ConditionMgr:805 - Attr not supported : Dmpu
2024-11-05 20:34:08,122 [ERROR] ConditionMgr:805 - Attr not supported : Dmpu
2024-11-05 20:34:08,122 [ERROR] ConditionMgr:805 - Attr not supported : Dmpu
2024-11-05 20:34:08,122 [ERROR] ConditionMgr:805 - Attr not supported : Dmpu
2024-11-05 20:34:08,122 [ERROR] ConditionMgr:805 - Attr not supported : Dmpu
2024-11-05 20:34:08,122 [ERROR] ConditionMgr:805 - Attr not supported : Dmpu
2024-11-05 20:34:08,122 [ERROR] ConditionMgr:805 - Attr not supported : Dmpu
2024-11-05 20:34:08,122 [ERROR] ConditionMgr:805 - Attr not supported : Dmpu
2024-11-05 20:34:08,122 [ERROR] ConditionMgr:805 - Attr not supported : Dmpu
2024-11-05 20:34:08,122 [ERROR] ConditionMgr:805 - Attr not supported : Dmpu
2024-11-05 20:34:08,122 [ERROR] ConditionMgr:805 - Attr not supported : Dmpu
2024-11-05 20:34:08,122 [ERROR] ConditionMgr:805 - Attr not supported : Dmpu
2024-11-05 20:34:08,122 [ERROR] ConditionMgr:805 - Attr not supported : Dmpu
2024-11-05 20:34:08,122 [ERROR] ConditionMgr:805 - Attr not supported : Dmpu
2024-11-05 20:34:08,122 [ERROR] ConditionMgr:805 - Attr not supported : Dmpu
2024-11-05 20:34:08,122 [ERROR] ConditionMgr:805 - Attr not supported : Dmpu
2024-11-05 20:34:08,122 [ERROR] ConditionMgr:805 - Attr not supported : Dmpu
2024-11-05 20:34:08,122 [ERROR] ConditionMgr:805 - Attr not supported : Dmpu
2024-11-05 20:34:08,122 [ERROR] ConditionMgr:805 - Attr not supported : Dmpu
2024-11-05 20:34:08,122 [ERROR] ConditionMgr:805 - Attr not supported : Dmpu
2024-11-05 20:34:08,122 [ERROR] ConditionMgr:805 - Attr not supported : Dmpu
2024-11-05 20:34:08,122 [ERROR] ConditionMgr:805 - Attr not supported : Dmpu
2024-11-05 20:34:08,122 [ERROR] ConditionMgr:805 - Attr not supported : Dmpu
2024-11-05 20:34:08,122 [ERROR] ConditionMgr:805 - Attr not supported : Dmpu
2024-11-05 20:34:08,122 [ERROR] ConditionMgr:805 - Attr not supported : Dmpu
2024-11-05 20:34:08,122 [ERROR] ConditionMgr:805 - Attr not supported : Dmpu
2024-11-05 20:34:08,122 [ERROR] ConditionMgr:805 - Attr not supported : Dmpu
2024-11-05 20:34:08,122 [ERROR] ConditionMgr:805 - Attr not supported : Dmpu
2024-11-05 20:34:08,122 [ERROR] ConditionMgr:805 - Attr not supported : Dmpu
2024-11-05 20:34:08,122 [ERROR] ConditionMgr:805 - Attr not supported : Dmpu
2024-11-05 20:34:08,122 [ERROR] ConditionMgr:805 - Attr not supported : Dmpu
2024-11-05 20:34:08,122 [ERROR] ConditionMgr:805 - Attr not supported : Dmpu
2024-11-05 20:34:08,122 [ERROR] ConditionMgr:805 - Attr not supported : Dmpu
2024-11-05 20:34:08,122 [ERROR] ConditionMgr:805 - Attr not supported : Dmpu
2024-11-05 20:34:08,122 [ERROR] ConditionMgr:805 - Attr not supported : Dmpu
2024-11-05 20:34:08,122 [ERROR] ConditionMgr:805 - Attr not supported : Dmpu
2024-11-05 20:34:08,122 [ERROR] ConditionMgr:805 - Attr not supported : Dmpu
2024-11-05 20:34:08,122 [ERROR] ConditionMgr:805 - Attr not supported : Dmpu
2024-11-05 20:34:08,122 [ERROR] ConditionMgr:805 - Attr not supported : Dmpu
2024-11-05 20:34:08,122 [ERROR] ConditionMgr:805 - Attr not supported : Dmpu
2024-11-05 20:34:08,138 [WARN] PackLoader:240 - Cannot read IP mode file for STMicroelectronics.X-CUBE-BLEMGR.3.0.0
2024-11-05 20:34:08,153 [WARN] PackLoader:240 - Cannot read IP mode file for RealThread.X-CUBE-RT-Thread_Nano.4.1.1
2024-11-05 20:34:08,153 [WARN] PackLoader:240 - Cannot read IP mode file for STMicroelectronics.FP-ATR-SIGFOX1.3.2.0
2024-11-05 20:34:08,185 [WARN] PackLoader:240 - Cannot read IP mode file for STMicroelectronics.X-CUBE-EEPRMA1.5.1.0
2024-11-05 20:34:08,216 [WARN] PackLoader:240 - Cannot read IP mode file for SEGGER.I-CUBE-embOS.1.3.1
2024-11-05 20:34:08,263 [WARN] PackLoader:240 - Cannot read IP mode file for STMicroelectronics.X-CUBE-ALGOBUILD.1.4.0
2024-11-05 20:34:08,279 [WARN] PackLoader:240 - Cannot read IP mode file for STMicroelectronics.X-CUBE-AI.9.1.0
2024-11-05 20:34:08,306 [WARN] PackLoader:240 - Cannot read IP mode file for STMicroelectronics.X-CUBE-GNSS1.6.0.0
2024-11-05 20:34:08,320 [WARN] PackLoader:240 - Cannot read IP mode file for STMicroelectronics.X-CUBE-AZRTOS-F4.1.1.0
2024-11-05 20:34:08,335 [WARN] PackLoader:240 - Cannot read IP mode file for wolfSSL.I-CUBE-wolfSSL.5.6.4
2024-11-05 20:34:08,351 [WARN] PackLoader:240 - Cannot read IP mode file for STMicroelectronics.X-CUBE-ISPU.2.1.0
2024-11-05 20:34:08,351 [WARN] PackLoader:240 - Cannot read IP mode file for STMicroelectronics.X-CUBE-FREERTOS.1.2.0
2024-11-05 20:34:08,382 [WARN] PackLoader:240 - Cannot read IP mode file for STMicroelectronics.X-CUBE-AZRTOS-L5.2.0.0
2024-11-05 20:34:08,398 [WARN] PackLoader:240 - Cannot read IP mode file for STMicroelectronics.X-CUBE-EEPRMA1.4.2.0
2024-11-05 20:34:08,410 [WARN] PackLoader:240 - Cannot read IP mode file for STMicroelectronics.X-CUBE-NFC6.3.1.0
2024-11-05 20:34:08,427 [WARN] PackLoader:240 - Cannot read IP mode file for ITTIA_DB.I-CUBE-ITTIADB.8.8.0
2024-11-05 20:34:08,438 [WARN] PackLoader:240 - Cannot read IP mode file for STMicroelectronics.X-CUBE-DPower.1.2.0
2024-11-05 20:34:08,454 [WARN] PackLoader:240 - Cannot read IP mode file for STMicroelectronics.X-CUBE-AI.9.0.0
2024-11-05 20:34:08,470 [WARN] ConditionMgr:438 - getConditionDescription Invalid condition id : UX DEVICE CLASS RTOS Condition cause : null
2024-11-05 20:34:08,470 [WARN] ConditionMgr:438 - getConditionDescription Invalid condition id : UX DEVICE CLASS RTOS Condition cause : null
2024-11-05 20:34:08,470 [WARN] PackLoader:240 - Cannot read IP mode file for STMicroelectronics.X-CUBE-AZRTOS-H7.3.1.0
2024-11-05 20:34:08,470 [WARN] ConditionMgr:1039 - genDependencies : Invalid condition id : UX DEVICE CLASS RTOS Condition cause : null
2024-11-05 20:34:08,470 [WARN] ConditionMgr:1039 - genDependencies : Invalid condition id : UX DEVICE CLASS RTOS Condition cause : null
2024-11-05 20:34:08,470 [WARN] ConditionMgr:1039 - genDependencies : Invalid condition id : UX DEVICE CLASS RTOS Condition cause : null
2024-11-05 20:34:08,470 [WARN] ConditionMgr:1039 - genDependencies : Invalid condition id : UX DEVICE CLASS RTOS Condition cause : null
2024-11-05 20:34:08,470 [WARN] ConditionMgr:1039 - genDependencies : Invalid condition id : UX DEVICE CLASS RTOS Condition cause : null
2024-11-05 20:34:08,485 [WARN] PackLoader:240 - Cannot read IP mode file for STMicroelectronics.X-CUBE-NFC7.1.0.1
2024-11-05 20:34:08,508 [WARN] PackLoader:240 - Cannot read IP mode file for wolfSSL.I-CUBE-wolfTPM.3.2.0
2024-11-05 20:34:08,528 [WARN] PackLoader:240 - Cannot read IP mode file for STMicroelectronics.X-CUBE-NFC6.3.0.0
2024-11-05 20:34:08,542 [WARN] PackLoader:240 - Cannot read IP mode file for STMicroelectronics.X-CUBE-AI.8.1.0
2024-11-05 20:34:08,557 [WARN] ConditionMgr:438 - getConditionDescription Invalid condition id : LAN8742 Phy interface Condition cause : null
2024-11-05 20:34:08,557 [WARN] PackLoader:240 - Cannot read IP mode file for STMicroelectronics.X-CUBE-AZRTOS-L4.2.0.0
2024-11-05 20:34:08,557 [WARN] ConditionMgr:1039 - genDependencies : Invalid condition id : LAN8742 Phy interface Condition cause : null
2024-11-05 20:34:08,557 [WARN] ConditionMgr:1039 - genDependencies : Invalid condition id : LAN8742 Phy interface Condition cause : null
2024-11-05 20:34:08,557 [WARN] ConditionMgr:1039 - genDependencies : Invalid condition id : LAN8742 Phy interface Condition cause : null
2024-11-05 20:34:08,573 [WARN] PackLoader:240 - Cannot read IP mode file for STMicroelectronics.X-CUBE-SFXS2LP1.4.0.0
2024-11-05 20:34:08,588 [WARN] PackLoader:240 - Cannot read IP mode file for STMicroelectronics.X-CUBE-ISPU.1.1.0
2024-11-05 20:34:08,608 [WARN] PackLoader:240 - Cannot read IP mode file for STMicroelectronics.X-CUBE-AZRTOS-H7.3.3.0
2024-11-05 20:34:08,636 [WARN] PackLoader:240 - Cannot read IP mode file for STMicroelectronics.X-CUBE-IPS.3.0.0
2024-11-05 20:34:08,656 [WARN] ConditionMgr:438 - getConditionDescription Invalid condition id : UX DEVICE CLASS RTOS Condition cause : null
2024-11-05 20:34:08,656 [WARN] ConditionMgr:438 - getConditionDescription Invalid condition id : UX DEVICE CLASS RTOS Condition cause : null
2024-11-05 20:34:08,656 [WARN] PackLoader:240 - Cannot read IP mode file for STMicroelectronics.X-CUBE-AZRTOS-WB.2.0.0
2024-11-05 20:34:08,656 [WARN] ConditionMgr:1039 - genDependencies : Invalid condition id : UX DEVICE CLASS RTOS Condition cause : null
2024-11-05 20:34:08,656 [WARN] ConditionMgr:1039 - genDependencies : Invalid condition id : UX DEVICE CLASS RTOS Condition cause : null
2024-11-05 20:34:08,656 [WARN] ConditionMgr:1039 - genDependencies : Invalid condition id : UX DEVICE CLASS RTOS Condition cause : null
2024-11-05 20:34:08,656 [WARN] ConditionMgr:1039 - genDependencies : Invalid condition id : UX DEVICE CLASS RTOS Condition cause : null
2024-11-05 20:34:08,656 [WARN] ConditionMgr:1039 - genDependencies : Invalid condition id : UX DEVICE CLASS RTOS Condition cause : null
2024-11-05 20:34:08,667 [WARN] PackLoader:240 - Cannot read IP mode file for STMicroelectronics.X-CUBE-GNSS1.7.0.0
2024-11-05 20:34:08,697 [WARN] PackLoader:240 - Cannot read IP mode file for STMicroelectronics.FP-SNS-STBOX1.2.0.0
2024-11-05 20:34:08,709 [WARN] PackLoader:240 - Cannot read IP mode file for STMicroelectronics.X-CUBE-SUBG2.5.0.0
2024-11-05 20:34:08,740 [WARN] PackLoader:240 - Cannot read IP mode file for STMicroelectronics.X-CUBE-AZRTOS-G4.2.0.0
2024-11-05 20:34:08,771 [WARN] PackLoader:240 - Cannot read IP mode file for Infineon.AIROC-Wi-Fi-Bluetooth-STM32.1.5.1
2024-11-05 20:34:08,891 [WARN] PackLoader:240 - Cannot read IP mode file for STMicroelectronics.FP-SNS-MOTENVWB1.1.3.1
2024-11-05 20:34:08,908 [WARN] PackLoader:240 - Cannot read IP mode file for STMicroelectronics.X-CUBE-ISPU.2.0.0
2024-11-05 20:34:08,908 [WARN] PackLoader:240 - Cannot read IP mode file for STMicroelectronics.X-CUBE-ALS.1.0.2
2024-11-05 20:34:08,954 [WARN] PackLoader:240 - Cannot read IP mode file for STMicroelectronics.X-CUBE-MEMS1.10.0.0
2024-11-05 20:34:09,043 [WARN] PackLoader:240 - Cannot read IP mode file for STMicroelectronics.X-CUBE-FREERTOS.1.1.0
2024-11-05 20:34:09,043 [WARN] PackLoader:240 - Cannot read IP mode file for STMicroelectronics.X-CUBE-TOUCHGFX.4.24.0
2024-11-05 20:34:09,059 [WARN] PackLoader:240 - Cannot read IP mode file for STMicroelectronics.X-CUBE-TOUCHGFX.4.24.1
2024-11-05 20:34:09,077 [WARN] PackLoader:240 - Cannot read IP mode file for portGmbH.I-Cube-SoM-uGOAL.1.1.0
2024-11-05 20:34:09,084 [WARN] PackLoader:240 - Cannot read IP mode file for STMicroelectronics.X-CUBE-ALS.1.0.1
2024-11-05 20:34:09,109 [WARN] PackLoader:240 - Cannot read IP mode file for STMicroelectronics.X-CUBE-AZRTOS-H7RS.1.0.0
2024-11-05 20:34:09,119 [WARN] PackLoader:240 - Cannot read IP mode file for STMicroelectronics.FP-ATR-ASTRA1.2.0.0
2024-11-05 20:34:09,130 [WARN] PackLoader:240 - Cannot read IP mode file for STMicroelectronics.X-CUBE-TOF1.3.4.2
2024-11-05 20:34:09,162 [WARN] PackLoader:240 - Cannot read IP mode file for STMicroelectronics.X-CUBE-TOF1.3.4.0
2024-11-05 20:34:09,178 [WARN] PackLoader:240 - Cannot read IP mode file for STMicroelectronics.X-CUBE-TOF1.3.4.1
2024-11-05 20:34:09,224 [WARN] PackLoader:240 - Cannot read IP mode file for STMicroelectronics.X-CUBE-AZRTOS-H7.3.2.0
2024-11-05 20:34:09,240 [WARN] PackLoader:240 - Cannot read IP mode file for wolfSSL.I-CUBE-wolfSSH.1.4.17
2024-11-05 20:34:09,240 [INFO] ThirdParty:978 - Integrity check success = true
2024-11-05 20:34:09,240 [INFO] IntegrityCheckThread:100 - exiting critical section [integrity check]
2024-11-05 20:34:09,240 [INFO] IntegrityCheckThread:103 - End integrity checks thread
2024-11-05 20:34:14,536 [INFO] WebApp:167 - Instantiating new browser for Auth
2024-11-05 20:34:15,181 [INFO] WebApp:448 - Apply proxy settings
2024-11-05 20:34:15,181 [INFO] WebApp:533 - Chromium requires no authentication
2024-11-05 20:34:15,194 [INFO] WebApp:476 - Direct internet connection detected
2024-11-05 20:34:15,217 [INFO] WebApp:869 - Register for checkConnection events
2024-11-05 20:34:15,217 [INFO] WebApp:448 - Apply proxy settings
2024-11-05 20:34:15,217 [INFO] WebApp:533 - Chromium requires no authentication
2024-11-05 20:34:15,217 [INFO] WebApp:476 - Direct internet connection detected
2024-11-05 20:34:15,418 [INFO] WebApp:220 - Starting web application
2024-11-05 20:34:15,418 [INFO] WebApp:578 - Web application path used C:\ST\STM32CubeIDE_1.14.0\STM32CubeIDE\plugins\com.st.stm32cube.common.mx_6.12.1.202409122256\db\plugins\mcufinder\reactClient1\index.html
2024-11-05 20:34:15,445 [INFO] WebApp:186 - Connection restablished
2024-11-05 20:34:15,596 [INFO] UserAuth:417 - Internet connection configuration mode: 1
2024-11-05 22:17:56,555 [INFO] WebApp:189 - Connection lost
